<?xml version="1.0" encoding="UTF-8"?>
<testng-results ignored="0" total="1" passed="1" failed="0" skipped="0">
  <reporter-output>
  </reporter-output>
  <suite started-at="2023-10-25T13:23:53 IST" name="Default suite" finished-at="2023-10-25T13:24:48 IST" duration-ms="54965">
    <groups>
    </groups>
    <test started-at="2023-10-25T13:23:53 IST" name="Default test" finished-at="2023-10-25T13:24:48 IST" duration-ms="54965">
      <class name="Bench_Tranning.Bench_Tranning.AppTest">
        <test-method signature="Testgoogle()[pri:0, instance:Bench_Tranning.Bench_Tranning.AppTest@14028087]" started-at="2023-10-25T13:23:53 IST" name="Testgoogle" finished-at="2023-10-25T13:24:48 IST" duration-ms="54923" status="PASS">
          <reporter-output>
          </reporter-output>
        </test-method> <!-- Testgoogle -->
      </class> <!-- Bench_Tranning.Bench_Tranning.AppTest -->
    </test> <!-- Default test -->
  </suite> <!-- Default suite -->
</testng-results>
